{"level":"error","message":"Error al crear la carpeta en la dirección:"}
{"level":"error","message":"Error al crear la carpeta en la dirección:"}
{"level":"error","message":"No se subio el documento"}
{"level":"error","message":"Error al crear la carpeta en la dirección:"}
{"level":"error","message":"Error al crear la carpeta en la dirección:"}
{"level":"error","message":"Error al cambiar el rol del usuario: userService.checkDocs is not a function","stack":"TypeError: userService.checkDocs is not a function\n    at roleUser (D:\\DATOS\\DESARROLLO\\APPSWEBS\\CursoBackEnd\\newProyectBack\\src\\controllers\\user.controller.js:60:53)\n    at Layer.handle [as handle_request] (D:\\DATOS\\DESARROLLO\\APPSWEBS\\CursoBackEnd\\newProyectBack\\node_modules\\express\\lib\\router\\layer.js:95:5)\n    at next (D:\\DATOS\\DESARROLLO\\APPSWEBS\\CursoBackEnd\\newProyectBack\\node_modules\\express\\lib\\router\\route.js:144:13)\n    at complete (D:\\DATOS\\DESARROLLO\\APPSWEBS\\CursoBackEnd\\newProyectBack\\node_modules\\passport\\lib\\middleware\\authenticate.js:271:13)\n    at D:\\DATOS\\DESARROLLO\\APPSWEBS\\CursoBackEnd\\newProyectBack\\node_modules\\passport\\lib\\middleware\\authenticate.js:278:15\n    at pass (D:\\DATOS\\DESARROLLO\\APPSWEBS\\CursoBackEnd\\newProyectBack\\node_modules\\passport\\lib\\authenticator.js:428:14)\n    at Authenticator.transformAuthInfo (D:\\DATOS\\DESARROLLO\\APPSWEBS\\CursoBackEnd\\newProyectBack\\node_modules\\passport\\lib\\authenticator.js:450:5)\n    at D:\\DATOS\\DESARROLLO\\APPSWEBS\\CursoBackEnd\\newProyectBack\\node_modules\\passport\\lib\\middleware\\authenticate.js:275:22\n    at req.login.req.logIn (D:\\DATOS\\DESARROLLO\\APPSWEBS\\CursoBackEnd\\newProyectBack\\node_modules\\passport\\lib\\http\\request.js:44:13)\n    at strategy.success (D:\\DATOS\\DESARROLLO\\APPSWEBS\\CursoBackEnd\\newProyectBack\\node_modules\\passport\\lib\\middleware\\authenticate.js:256:13)"}
{"level":"error","message":"Error al cambiar el rol del usuario: Cannot read properties of undefined (reading 'documents')","stack":"TypeError: Cannot read properties of undefined (reading 'documents')\n    at UserManagerDao.checkDocs (D:\\DATOS\\DESARROLLO\\APPSWEBS\\CursoBackEnd\\newProyectBack\\src\\dao\\mongo\\user.mongo.js:116:47)\n    at process.processTicksAndRejections (node:internal/process/task_queues:95:5)\n    at async roleUser (D:\\DATOS\\DESARROLLO\\APPSWEBS\\CursoBackEnd\\newProyectBack\\src\\controllers\\user.controller.js:61:35)"}
{"level":"error","message":"Error al cambiar el rol del usuario: Cannot read properties of undefined (reading 'documents')","stack":"TypeError: Cannot read properties of undefined (reading 'documents')\n    at UserManagerDao.checkDocs (D:\\DATOS\\DESARROLLO\\APPSWEBS\\CursoBackEnd\\newProyectBack\\src\\dao\\mongo\\user.mongo.js:116:47)\n    at process.processTicksAndRejections (node:internal/process/task_queues:95:5)\n    at async roleUser (D:\\DATOS\\DESARROLLO\\APPSWEBS\\CursoBackEnd\\newProyectBack\\src\\controllers\\user.controller.js:61:35)"}
{"level":"error","message":"Error al cambiar el rol del usuario: Cannot read properties of undefined (reading 'documents')","stack":"TypeError: Cannot read properties of undefined (reading 'documents')\n    at UserManagerDao.checkDocs (D:\\DATOS\\DESARROLLO\\APPSWEBS\\CursoBackEnd\\newProyectBack\\src\\dao\\mongo\\user.mongo.js:117:47)\n    at process.processTicksAndRejections (node:internal/process/task_queues:95:5)\n    at async roleUser (D:\\DATOS\\DESARROLLO\\APPSWEBS\\CursoBackEnd\\newProyectBack\\src\\controllers\\user.controller.js:61:35)"}
{"level":"error","message":"Error al cambiar el rol del usuario: Cannot read properties of undefined (reading 'documents')","stack":"TypeError: Cannot read properties of undefined (reading 'documents')\n    at UserManagerDao.checkDocs (D:\\DATOS\\DESARROLLO\\APPSWEBS\\CursoBackEnd\\newProyectBack\\src\\dao\\mongo\\user.mongo.js:117:47)\n    at process.processTicksAndRejections (node:internal/process/task_queues:95:5)\n    at async roleUser (D:\\DATOS\\DESARROLLO\\APPSWEBS\\CursoBackEnd\\newProyectBack\\src\\controllers\\user.controller.js:61:35)"}
{"level":"error","message":"Error al cambiar el rol del usuario: Cannot read properties of undefined (reading 'documents')","stack":"TypeError: Cannot read properties of undefined (reading 'documents')\n    at UserManagerDao.checkDocs (D:\\DATOS\\DESARROLLO\\APPSWEBS\\CursoBackEnd\\newProyectBack\\src\\dao\\mongo\\user.mongo.js:117:47)\n    at process.processTicksAndRejections (node:internal/process/task_queues:95:5)\n    at async roleUser (D:\\DATOS\\DESARROLLO\\APPSWEBS\\CursoBackEnd\\newProyectBack\\src\\controllers\\user.controller.js:61:35)"}
{"level":"error","message":"Error al crear la carpeta en la dirección:"}
{"level":"error","message":"No tienes los permisos necesarios para realizar esta acción"}
{"level":"error","message":"No se eliminaron los usuarios sendEmailExpirateCccount is not a function","stack":"TypeError: sendEmailExpirateCccount is not a function\n    at expiratedAccount (D:\\DATOS\\DESARROLLO\\APPSWEBS\\CursoBackEnd\\newProyectBack\\src\\controllers\\user.controller.js:279:23)\n    at process.processTicksAndRejections (node:internal/process/task_queues:95:5)"}
{"level":"error","message":"El usuario no cuenta con los permisos necesarios"}
{"level":"error","message":"Error al cargar el perfil user is not defined","stack":"ReferenceError: user is not defined\n    at profileUser (D:\\DATOS\\DESARROLLO\\APPSWEBS\\CursoBackEnd\\newProyectBack\\src\\controllers\\user.controller.js:150:13)\n    at Layer.handle [as handle_request] (D:\\DATOS\\DESARROLLO\\APPSWEBS\\CursoBackEnd\\newProyectBack\\node_modules\\express\\lib\\router\\layer.js:95:5)\n    at next (D:\\DATOS\\DESARROLLO\\APPSWEBS\\CursoBackEnd\\newProyectBack\\node_modules\\express\\lib\\router\\route.js:144:13)\n    at complete (D:\\DATOS\\DESARROLLO\\APPSWEBS\\CursoBackEnd\\newProyectBack\\node_modules\\passport\\lib\\middleware\\authenticate.js:271:13)\n    at D:\\DATOS\\DESARROLLO\\APPSWEBS\\CursoBackEnd\\newProyectBack\\node_modules\\passport\\lib\\middleware\\authenticate.js:278:15\n    at pass (D:\\DATOS\\DESARROLLO\\APPSWEBS\\CursoBackEnd\\newProyectBack\\node_modules\\passport\\lib\\authenticator.js:428:14)\n    at Authenticator.transformAuthInfo (D:\\DATOS\\DESARROLLO\\APPSWEBS\\CursoBackEnd\\newProyectBack\\node_modules\\passport\\lib\\authenticator.js:450:5)\n    at D:\\DATOS\\DESARROLLO\\APPSWEBS\\CursoBackEnd\\newProyectBack\\node_modules\\passport\\lib\\middleware\\authenticate.js:275:22\n    at req.login.req.logIn (D:\\DATOS\\DESARROLLO\\APPSWEBS\\CursoBackEnd\\newProyectBack\\node_modules\\passport\\lib\\http\\request.js:44:13)\n    at strategy.success (D:\\DATOS\\DESARROLLO\\APPSWEBS\\CursoBackEnd\\newProyectBack\\node_modules\\passport\\lib\\middleware\\authenticate.js:256:13)"}
{"level":"error","message":"Error al cargar el perfil user is not defined","stack":"ReferenceError: user is not defined\n    at profileUser (D:\\DATOS\\DESARROLLO\\APPSWEBS\\CursoBackEnd\\newProyectBack\\src\\controllers\\user.controller.js:150:47)\n    at Layer.handle [as handle_request] (D:\\DATOS\\DESARROLLO\\APPSWEBS\\CursoBackEnd\\newProyectBack\\node_modules\\express\\lib\\router\\layer.js:95:5)\n    at next (D:\\DATOS\\DESARROLLO\\APPSWEBS\\CursoBackEnd\\newProyectBack\\node_modules\\express\\lib\\router\\route.js:144:13)\n    at complete (D:\\DATOS\\DESARROLLO\\APPSWEBS\\CursoBackEnd\\newProyectBack\\node_modules\\passport\\lib\\middleware\\authenticate.js:271:13)\n    at D:\\DATOS\\DESARROLLO\\APPSWEBS\\CursoBackEnd\\newProyectBack\\node_modules\\passport\\lib\\middleware\\authenticate.js:278:15\n    at pass (D:\\DATOS\\DESARROLLO\\APPSWEBS\\CursoBackEnd\\newProyectBack\\node_modules\\passport\\lib\\authenticator.js:428:14)\n    at Authenticator.transformAuthInfo (D:\\DATOS\\DESARROLLO\\APPSWEBS\\CursoBackEnd\\newProyectBack\\node_modules\\passport\\lib\\authenticator.js:450:5)\n    at D:\\DATOS\\DESARROLLO\\APPSWEBS\\CursoBackEnd\\newProyectBack\\node_modules\\passport\\lib\\middleware\\authenticate.js:275:22\n    at req.login.req.logIn (D:\\DATOS\\DESARROLLO\\APPSWEBS\\CursoBackEnd\\newProyectBack\\node_modules\\passport\\lib\\http\\request.js:44:13)\n    at strategy.success (D:\\DATOS\\DESARROLLO\\APPSWEBS\\CursoBackEnd\\newProyectBack\\node_modules\\passport\\lib\\middleware\\authenticate.js:256:13)"}
{"level":"error","message":"El usuario no cuenta con los permisos necesarios"}
{"level":"error","message":"No tienes los permisos necesarios para realizar esta acción"}
{"level":"error","message":"El usuario no cuenta con los permisos necesarios"}
{"level":"error","message":"No tienes los permisos necesarios para realizar esta acción"}
{"level":"error","message":"No tienes los permisos necesarios para realizar esta acción"}
{"level":"error","message":"Error al encontrar los productos userLogin is not defined","stack":"ReferenceError: userLogin is not defined\n    at getProducts (D:\\DATOS\\DESARROLLO\\APPSWEBS\\CursoBackEnd\\newProyectBack\\src\\controllers\\product.controller.js:46:17)\n    at process.processTicksAndRejections (node:internal/process/task_queues:95:5)"}
{"level":"error","message":"Error al encontrar los productos Cannot read properties of undefined (reading 'id')","stack":"TypeError: Cannot read properties of undefined (reading 'id')\n    at getProducts (D:\\DATOS\\DESARROLLO\\APPSWEBS\\CursoBackEnd\\newProyectBack\\src\\controllers\\product.controller.js:44:37)\n    at process.processTicksAndRejections (node:internal/process/task_queues:95:5)"}
{"level":"error","message":"Error al encontrar los productos Cannot read properties of undefined (reading '_id')","stack":"TypeError: Cannot read properties of undefined (reading '_id')\n    at getProducts (D:\\DATOS\\DESARROLLO\\APPSWEBS\\CursoBackEnd\\newProyectBack\\src\\controllers\\product.controller.js:44:54)\n    at process.processTicksAndRejections (node:internal/process/task_queues:95:5)"}
{"level":"error","message":"No tienes los permisos necesarios para realizar esta acción"}
{"level":"error","message":"No tienes los permisos necesarios para realizar esta acción"}
{"level":"error","message":"No tienes los permisos necesarios para realizar esta acción"}
{"level":"error","message":"No tienes los permisos necesarios para realizar esta acción"}
{"level":"error","message":"Error al obtener el carrito"}
{"level":"error","message":"Error al obtener el carrito"}
{"level":"error","message":"Error al obtener el carrito"}
{"level":"error","message":"Error al obtener el carrito"}
{"level":"error","message":"Error al obtener el carrito"}
{"level":"error","message":"Error al obtener el carrito"}
{"level":"error","message":"Error al obtener el carrito"}
{"level":"error","message":"Error al obtener el carrito"}
{"level":"error","message":"Error al obtener el carrito"}
{"level":"error","message":"Error al obtener el carrito"}
{"level":"error","message":"Error al obtener el carrito"}
{"level":"error","message":"Error al obtener el carrito"}
{"level":"error","message":"No se ingresaron todos los datos del producto"}
{"level":"error","message":"Error al obtener el carrito productsCart[0].reduce is not a function","stack":"TypeError: productsCart[0].reduce is not a function\n    at userCart (D:\\DATOS\\DESARROLLO\\APPSWEBS\\CursoBackEnd\\newProyectBack\\src\\controllers\\cart.controller.js:36:49)\n    at process.processTicksAndRejections (node:internal/process/task_queues:95:5)"}
{"level":"error","message":"Error al obtener el carrito Cannot read properties of undefined (reading 'products')","stack":"TypeError: Cannot read properties of undefined (reading 'products')\n    at userCart (D:\\DATOS\\DESARROLLO\\APPSWEBS\\CursoBackEnd\\newProyectBack\\src\\controllers\\cart.controller.js:30:43)\n    at process.processTicksAndRejections (node:internal/process/task_queues:95:5)"}
